<?xml version="1.0" encoding="UTF-8"?>
<!-- Generated by org.testng.reporters.JUnitReportReporter -->
<testsuite hostname="Aliakseis-MacBook-Pro.local" name="tests.NewTest" tests="4" failures="0" timestamp="8 Feb 2016 09:25:52 GMT" time="21.107" errors="0">
  <testcase name="Calc_tests" time="6.283" classname="tests.NewTest"/>
  <testcase name="Calc_tests" time="4.335" classname="tests.NewTest"/>
  <testcase name="Calc_tests" time="5.434" classname="tests.NewTest"/>
  <testcase name="Calc_tests" time="5.055" classname="tests.NewTest"/>
</testsuite> <!-- tests.NewTest -->
